0 silly argv {
0 silly argv   _: [ 'version' ],
0 silly argv   preid: 'alpha',
0 silly argv   'force-publish': true,
0 silly argv   forcePublish: true,
0 silly argv   yes: true,
0 silly argv   y: true,
0 silly argv   lernaVersion: '3.20.2',
0 silly argv   '$0': 'node_modules/.bin/lerna',
0 silly argv   bump: 'prerelease'
0 silly argv }
1 notice cli v3.20.2
2 verbose rootPath /home/circleci/project
3 info ci enabled
4 info current version 0.1.1-alpha.11
5 silly isAnythingCommitted
6 verbose isAnythingCommitted 1
7 silly currentBranch
8 verbose currentBranch master
9 silly remoteBranchExists
10 silly isBehindUpstream
11 silly isBehindUpstream master is behind origin/master by 0 commit(s) and ahead by 0
12 silly hasTags
13 verbose hasTags true
14 silly git-describe.sync "v0.1.1-alpha.11-47-gf71de44" => {"lastTagName":"v0.1.1-alpha.11","lastVersion":"v0.1.1-alpha.11","refCount":"47","sha":"f71de44","isDirty":false}
15 warn force-publish all packages
16 info Assuming all packages changed
17 verbose updated @grouparoo/app-staging-public
18 verbose updated @grouparoo/core
19 verbose updated @grouparoo/csv
20 verbose updated @grouparoo/email-authentication
21 verbose updated @grouparoo/google-sheets
22 verbose updated @grouparoo/logger
23 verbose updated @grouparoo/mailchimp
24 verbose updated @grouparoo/mysql
25 verbose updated @grouparoo/newrelic
26 verbose updated @grouparoo/postgres
27 verbose updated @grouparoo/sailthru
28 info auto-confirmed
29 info execute Skipping releases
30 silly lifecycle No script for "preversion" in "@grouparoo/grouparoo", continuing
31 silly lifecycle No script for "preversion" in "@grouparoo/core", continuing
32 silly lifecycle No script for "version" in "@grouparoo/core", continuing
33 silly lifecycle No script for "preversion" in "@grouparoo/csv", continuing
34 silly lifecycle No script for "preversion" in "@grouparoo/email-authentication", continuing
35 silly lifecycle No script for "preversion" in "@grouparoo/google-sheets", continuing
36 silly lifecycle No script for "preversion" in "@grouparoo/logger", continuing
37 silly lifecycle No script for "preversion" in "@grouparoo/mailchimp", continuing
38 silly lifecycle No script for "preversion" in "@grouparoo/mysql", continuing
39 silly lifecycle No script for "preversion" in "@grouparoo/newrelic", continuing
40 silly lifecycle No script for "preversion" in "@grouparoo/postgres", continuing
41 silly lifecycle No script for "preversion" in "@grouparoo/sailthru", continuing
42 silly lifecycle No script for "version" in "@grouparoo/google-sheets", continuing
43 silly lifecycle No script for "version" in "@grouparoo/csv", continuing
44 silly lifecycle No script for "version" in "@grouparoo/email-authentication", continuing
45 silly lifecycle No script for "version" in "@grouparoo/logger", continuing
46 silly lifecycle No script for "version" in "@grouparoo/newrelic", continuing
47 silly lifecycle No script for "version" in "@grouparoo/mailchimp", continuing
48 silly lifecycle No script for "version" in "@grouparoo/mysql", continuing
49 silly lifecycle No script for "version" in "@grouparoo/postgres", continuing
50 silly lifecycle No script for "version" in "@grouparoo/sailthru", continuing
51 silly lifecycle No script for "preversion" in "@grouparoo/app-staging-public", continuing
52 silly lifecycle No script for "version" in "@grouparoo/app-staging-public", continuing
53 silly lifecycle No script for "version" in "@grouparoo/grouparoo", continuing
54 silly gitAdd [
54 silly gitAdd   '/home/circleci/project/core/package.json',
54 silly gitAdd   '/home/circleci/project/plugins/@grouparoo/google-sheets/package.json',
54 silly gitAdd   '/home/circleci/project/plugins/@grouparoo/csv/package.json',
54 silly gitAdd   '/home/circleci/project/plugins/@grouparoo/email-authentication/package.json',
54 silly gitAdd   '/home/circleci/project/plugins/@grouparoo/logger/package.json',
54 silly gitAdd   '/home/circleci/project/plugins/@grouparoo/newrelic/package.json',
54 silly gitAdd   '/home/circleci/project/plugins/@grouparoo/mailchimp/package.json',
54 silly gitAdd   '/home/circleci/project/plugins/@grouparoo/mysql/package.json',
54 silly gitAdd   '/home/circleci/project/plugins/@grouparoo/postgres/package.json',
54 silly gitAdd   '/home/circleci/project/plugins/@grouparoo/sailthru/package.json',
54 silly gitAdd   '/home/circleci/project/apps/staging-public/package.json',
54 silly gitAdd   '/home/circleci/project/lerna.json'
54 silly gitAdd ]
55 silly gitCommit chore(release): publish v0.1.1-alpha.12
56 verbose git [ 'commit', '-m', 'chore(release): publish v0.1.1-alpha.12' ]
57 silly gitTag v0.1.1-alpha.12
58 verbose git [ 'tag', 'v0.1.1-alpha.12', '-m', 'v0.1.1-alpha.12' ]
59 error Error: Command failed: git tag v0.1.1-alpha.12 -m v0.1.1-alpha.12
59 error fatal: tag 'v0.1.1-alpha.12' already exists
59 error
59 error     at makeError (/home/circleci/project/node_modules/execa/index.js:174:9)
59 error     at /home/circleci/project/node_modules/execa/index.js:278:16
59 error     at processTicksAndRejections (internal/process/task_queues.js:97:5)
